This is pdfTeX, Version 3.14159265-2.6-1.40.20 (TeX Live 2019/Debian) (preloaded format=pdflatex 2021.11.4)  21 JAN 2022 18:29
entering extended mode
 restricted \write18 enabled.
 %&-line parsing enabled.
**praca
(./praca.tex
LaTeX2e <2020-02-02> patch level 2
L3 programming layer <2020-02-14>
(/usr/share/texlive/texmf-dist/tex/latex/base/book.cls
Document Class: book 2019/12/20 v1.4l Standard LaTeX document class
(/usr/share/texlive/texmf-dist/tex/latex/base/bk10.clo
File: bk10.clo 2019/12/20 v1.4l Standard LaTeX file (size option)
)
\c@part=\count167
\c@chapter=\count168
\c@section=\count169
\c@subsection=\count170
\c@subsubsection=\count171
\c@paragraph=\count172
\c@subparagraph=\count173
\c@figure=\count174
\c@table=\count175
\abovecaptionskip=\skip47
\belowcaptionskip=\skip48
\bibindent=\dimen134
)
(/usr/share/texlive/texmf-dist/tex/latex/psnfss/times.sty
Package: times 2005/04/12 PSNFSS-v9.2a (SPQR) 
)
(/usr/share/texlive/texmf-dist/tex/generic/babel/babel.sty
Package: babel 2020/02/14 3.40 The Babel package

(/usr/share/texlive/texmf-dist/tex/generic/babel/switch.def
File: switch.def 2020/02/14 3.40 Babel switching mechanism
)
(/usr/share/texlive/texmf-dist/tex/generic/babel-polish/polish.ldf
Language: polish 2005/03/31 v1.2l Polish support from the babel system

(/usr/share/texlive/texmf-dist/tex/generic/babel/babel.def
File: babel.def 2020/02/14 3.40 Babel common definitions
\babel@savecnt=\count176
\U@D=\dimen135

(/usr/share/texlive/texmf-dist/tex/generic/babel/txtbabel.def)
\bbl@readstream=\read2
\bbl@dirlevel=\count177
)
Package babel Info: Making " an active character on input line 83.
\pl@left=\dimen136
\pl@down=\dimen137
\pl@right=\dimen138
\pl@temp=\dimen139
))
(/usr/share/texlive/texmf-dist/tex/latex/base/inputenc.sty
Package: inputenc 2018/08/11 v1.3c Input encoding file
\inpenc@prehook=\toks14
\inpenc@posthook=\toks15
)
(/usr/share/texmf/tex/latex/lm/lmodern.sty
Package: lmodern 2009/10/30 v1.6 Latin Modern Fonts
LaTeX Font Info:    Overwriting symbol font `operators' in version `normal'
(Font)                  OT1/cmr/m/n --> OT1/lmr/m/n on input line 22.
LaTeX Font Info:    Overwriting symbol font `letters' in version `normal'
(Font)                  OML/cmm/m/it --> OML/lmm/m/it on input line 23.
LaTeX Font Info:    Overwriting symbol font `symbols' in version `normal'
(Font)                  OMS/cmsy/m/n --> OMS/lmsy/m/n on input line 24.
LaTeX Font Info:    Overwriting symbol font `largesymbols' in version `normal'
(Font)                  OMX/cmex/m/n --> OMX/lmex/m/n on input line 25.
LaTeX Font Info:    Overwriting symbol font `operators' in version `bold'
(Font)                  OT1/cmr/bx/n --> OT1/lmr/bx/n on input line 26.
LaTeX Font Info:    Overwriting symbol font `letters' in version `bold'
(Font)                  OML/cmm/b/it --> OML/lmm/b/it on input line 27.
LaTeX Font Info:    Overwriting symbol font `symbols' in version `bold'
(Font)                  OMS/cmsy/b/n --> OMS/lmsy/b/n on input line 28.
LaTeX Font Info:    Overwriting symbol font `largesymbols' in version `bold'
(Font)                  OMX/cmex/m/n --> OMX/lmex/m/n on input line 29.
LaTeX Font Info:    Overwriting math alphabet `\mathbf' in version `normal'
(Font)                  OT1/cmr/bx/n --> OT1/lmr/bx/n on input line 31.
LaTeX Font Info:    Overwriting math alphabet `\mathsf' in version `normal'
(Font)                  OT1/cmss/m/n --> OT1/lmss/m/n on input line 32.
LaTeX Font Info:    Overwriting math alphabet `\mathit' in version `normal'
(Font)                  OT1/cmr/m/it --> OT1/lmr/m/it on input line 33.
LaTeX Font Info:    Overwriting math alphabet `\mathtt' in version `normal'
(Font)                  OT1/cmtt/m/n --> OT1/lmtt/m/n on input line 34.
LaTeX Font Info:    Overwriting math alphabet `\mathbf' in version `bold'
(Font)                  OT1/cmr/bx/n --> OT1/lmr/bx/n on input line 35.
LaTeX Font Info:    Overwriting math alphabet `\mathsf' in version `bold'
(Font)                  OT1/cmss/bx/n --> OT1/lmss/bx/n on input line 36.
LaTeX Font Info:    Overwriting math alphabet `\mathit' in version `bold'
(Font)                  OT1/cmr/bx/it --> OT1/lmr/bx/it on input line 37.
LaTeX Font Info:    Overwriting math alphabet `\mathtt' in version `bold'
(Font)                  OT1/cmtt/m/n --> OT1/lmtt/m/n on input line 38.
)
(/usr/share/texlive/texmf-dist/tex/latex/tools/indentfirst.sty
Package: indentfirst 1995/11/23 v1.03 Indent first paragraph (DPC)
)
(/usr/share/texlive/texmf-dist/tex/latex/polski/polski.sty
Package: polski 2017/05/04 v1.3.4 Polish language package

   Inputenc package detected. Catcodes not changed.
(/usr/share/texlive/texmf-dist/tex/latex/base/ot4enc.def
File: ot4enc.def 2020/02/11 v2.0o Standard LaTeX file
Now handling font encoding OT4 ...
... no UTF-8 mapping file for font encoding OT4
)
LaTeX Font Info:    Overwriting math alphabet `\mathbf' in version `normal'
(Font)                  OT1/lmr/bx/n --> OT4/cmr/bx/n on input line 324.
LaTeX Font Info:    Overwriting math alphabet `\mathsf' in version `normal'
(Font)                  OT1/lmss/m/n --> OT4/cmss/m/n on input line 324.
LaTeX Font Info:    Overwriting math alphabet `\mathit' in version `normal'
(Font)                  OT1/lmr/m/it --> OT4/cmr/m/it on input line 324.
LaTeX Font Info:    Overwriting math alphabet `\mathtt' in version `normal'
(Font)                  OT1/lmtt/m/n --> OT4/cmtt/m/n on input line 324.
LaTeX Font Info:    Overwriting math alphabet `\mathsf' in version `bold'
(Font)                  OT1/lmss/bx/n --> OT4/cmss/bx/n on input line 324.
LaTeX Font Info:    Overwriting math alphabet `\mathit' in version `bold'
(Font)                  OT1/lmr/bx/it --> OT4/cmr/bx/it on input line 324.
LaTeX Font Info:    Encoding `OT1' has changed to `OT4' for symbol font
(Font)              `operators' in the math version `normal' on input line 324.

LaTeX Font Info:    Overwriting symbol font `operators' in version `normal'
(Font)                  OT1/lmr/m/n --> OT4/cmr/m/n on input line 324.
LaTeX Font Info:    Overwriting symbol font `letters' in version `normal'
(Font)                  OML/lmm/m/it --> OML/plm/m/it on input line 324.
LaTeX Font Info:    Overwriting symbol font `symbols' in version `normal'
(Font)                  OMS/lmsy/m/n --> OMS/plsy/m/n on input line 324.
LaTeX Font Info:    Overwriting symbol font `largesymbols' in version `normal'
(Font)                  OMX/lmex/m/n --> OMX/plex/m/n on input line 324.
LaTeX Font Info:    Encoding `OT1' has changed to `OT4' for symbol font
(Font)              `operators' in the math version `bold' on input line 324.
LaTeX Font Info:    Overwriting symbol font `operators' in version `bold'
(Font)                  OT1/lmr/bx/n --> OT4/cmr/bx/n on input line 324.
LaTeX Font Info:    Overwriting symbol font `letters' in version `bold'
(Font)                  OML/lmm/b/it --> OML/plm/b/it on input line 324.
LaTeX Font Info:    Overwriting symbol font `symbols' in version `bold'
(Font)                  OMS/lmsy/b/n --> OMS/plsy/b/n on input line 324.

   Switching to Polish text encoding and Polish maths fonts.
LaTeX Font Info:    Trying to load font information for OT4+cmr on input line 3
60.
(/usr/share/texlive/texmf-dist/tex/latex/polski/ot4cmr.fd
File: ot4cmr.fd 2008/02/24 v1.2.1 Font defs for fonts PL (MW)
)
LaTeX Font Info:    Overwriting math alphabet `\mathbf' in version `normal'
(Font)                  OT4/cmr/bx/n --> OT4/cmr/bx/n on input line 360.
LaTeX Font Info:    Overwriting math alphabet `\mathsf' in version `normal'
(Font)                  OT4/cmss/m/n --> OT4/cmss/m/n on input line 360.
LaTeX Font Info:    Overwriting math alphabet `\mathit' in version `normal'
(Font)                  OT4/cmr/m/it --> OT4/cmr/m/it on input line 360.
LaTeX Font Info:    Overwriting math alphabet `\mathtt' in version `normal'
(Font)                  OT4/cmtt/m/n --> OT4/cmtt/m/n on input line 360.
LaTeX Font Info:    Overwriting math alphabet `\mathsf' in version `bold'
(Font)                  OT4/cmss/bx/n --> OT4/cmss/bx/n on input line 360.
LaTeX Font Info:    Overwriting math alphabet `\mathit' in version `bold'
(Font)                  OT4/cmr/bx/it --> OT4/cmr/bx/it on input line 360.
LaTeX Font Info:    Overwriting symbol font `operators' in version `normal'
(Font)                  OT4/cmr/m/n --> OT4/cmr/m/n on input line 360.
LaTeX Font Info:    Overwriting symbol font `letters' in version `normal'
(Font)                  OML/plm/m/it --> OML/plm/m/it on input line 360.
LaTeX Font Info:    Overwriting symbol font `symbols' in version `normal'
(Font)                  OMS/plsy/m/n --> OMS/plsy/m/n on input line 360.
LaTeX Font Info:    Overwriting symbol font `largesymbols' in version `normal'
(Font)                  OMX/plex/m/n --> OMX/plex/m/n on input line 360.
LaTeX Font Info:    Overwriting symbol font `operators' in version `bold'
(Font)                  OT4/cmr/bx/n --> OT4/cmr/bx/n on input line 360.
LaTeX Font Info:    Overwriting symbol font `letters' in version `bold'
(Font)                  OML/plm/b/it --> OML/plm/b/it on input line 360.
LaTeX Font Info:    Overwriting symbol font `symbols' in version `bold'
(Font)                  OMS/plsy/b/n --> OMS/plsy/b/n on input line 360.
LaTeX Font Info:    Redeclaring math symbol \xleq on input line 360.
LaTeX Font Info:    Redeclaring math symbol \xgeq on input line 360.
)
(/usr/share/texlive/texmf-dist/tex/latex/was/icomma.sty
Package: icomma 2002/03/10 v2.0 (WaS)
)
(/usr/share/texlive/texmf-dist/tex/latex/amsmath/amsmath.sty
Package: amsmath 2020/01/20 v2.17e AMS math features
\@mathmargin=\skip49

For additional information on amsmath, use the `?' option.
(/usr/share/texlive/texmf-dist/tex/latex/amsmath/amstext.sty
Package: amstext 2000/06/29 v2.01 AMS text

(/usr/share/texlive/texmf-dist/tex/latex/amsmath/amsgen.sty
File: amsgen.sty 1999/11/30 v2.0 generic functions
\@emptytoks=\toks16
\ex@=\dimen140
))
(/usr/share/texlive/texmf-dist/tex/latex/amsmath/amsbsy.sty
Package: amsbsy 1999/11/29 v1.2d Bold Symbols
\pmbraise@=\dimen141
)
(/usr/share/texlive/texmf-dist/tex/latex/amsmath/amsopn.sty
Package: amsopn 2016/03/08 v2.02 operator names
)
\inf@bad=\count178
LaTeX Info: Redefining \frac on input line 227.
\uproot@=\count179
\leftroot@=\count180
LaTeX Info: Redefining \overline on input line 389.
\classnum@=\count181
\DOTSCASE@=\count182
LaTeX Info: Redefining \ldots on input line 486.
LaTeX Info: Redefining \dots on input line 489.
LaTeX Info: Redefining \cdots on input line 610.
\Mathstrutbox@=\box45
\strutbox@=\box46
\big@size=\dimen142
LaTeX Font Info:    Redeclaring font encoding OML on input line 733.
LaTeX Font Info:    Redeclaring font encoding OMS on input line 734.
\macc@depth=\count183
\c@MaxMatrixCols=\count184
\dotsspace@=\muskip16
\c@parentequation=\count185
\dspbrk@lvl=\count186
\tag@help=\toks17
\row@=\count187
\column@=\count188
\maxfields@=\count189
\andhelp@=\toks18
\eqnshift@=\dimen143
\alignsep@=\dimen144
\tagshift@=\dimen145
\tagwidth@=\dimen146
\totwidth@=\dimen147
\lineht@=\dimen148
\@envbody=\toks19
\multlinegap=\skip50
\multlinetaggap=\skip51
\mathdisplay@stack=\toks20
LaTeX Info: Redefining \[ on input line 2859.
LaTeX Info: Redefining \] on input line 2860.
)
(/usr/share/texlive/texmf-dist/tex/latex/amsfonts/amssymb.sty
Package: amssymb 2013/01/14 v3.01 AMS font symbols

(/usr/share/texlive/texmf-dist/tex/latex/amsfonts/amsfonts.sty
Package: amsfonts 2013/01/14 v3.01 Basic AMSFonts support
\symAMSa=\mathgroup4
\symAMSb=\mathgroup5
LaTeX Font Info:    Redeclaring math symbol \hbar on input line 98.
LaTeX Font Info:    Overwriting math alphabet `\mathfrak' in version `bold'
(Font)                  U/euf/m/n --> U/euf/b/n on input line 106.
))
(/usr/share/texlive/texmf-dist/tex/latex/jknapltx/mathrsfs.sty
Package: mathrsfs 1996/01/01 Math RSFS package v1.0 (jk)
\symrsfs=\mathgroup6
)
(/usr/share/texlive/texmf-dist/tex/latex/bbold/bbold.sty
Package: bbold 1994/04/06 Bbold symbol package
LaTeX Font Info:    Redeclaring math alphabet \mathbb on input line 42.
)
(/usr/share/texlive/texmf-dist/tex/latex/mathtools/mathtools.sty
Package: mathtools 2020/01/17 v1.23 mathematical typesetting tools

(/usr/share/texlive/texmf-dist/tex/latex/graphics/keyval.sty
Package: keyval 2014/10/28 v1.15 key=value parser (DPC)
\KV@toks@=\toks21
)
(/usr/share/texlive/texmf-dist/tex/latex/tools/calc.sty
Package: calc 2017/05/25 v4.3 Infix arithmetic (KKT,FJ)
\calc@Acount=\count190
\calc@Bcount=\count191
\calc@Adimen=\dimen149
\calc@Bdimen=\dimen150
\calc@Askip=\skip52
\calc@Bskip=\skip53
LaTeX Info: Redefining \setlength on input line 80.
LaTeX Info: Redefining \addtolength on input line 81.
\calc@Ccount=\count192
\calc@Cskip=\skip54
)
(/usr/share/texlive/texmf-dist/tex/latex/mathtools/mhsetup.sty
Package: mhsetup 2017/03/31 v1.3 programming setup (MH)
)
LaTeX Info: Thecontrolsequence`\('isalreadyrobust on input line 129.
LaTeX Info: Thecontrolsequence`\)'isalreadyrobust on input line 129.
LaTeX Info: Thecontrolsequence`\['isalreadyrobust on input line 129.
LaTeX Info: Thecontrolsequence`\]'isalreadyrobust on input line 129.
\g_MT_multlinerow_int=\count193
\l_MT_multwidth_dim=\dimen151
\origjot=\skip55
\l_MT_shortvdotswithinadjustabove_dim=\dimen152
\l_MT_shortvdotswithinadjustbelow_dim=\dimen153
\l_MT_above_intertext_sep=\dimen154
\l_MT_below_intertext_sep=\dimen155
\l_MT_above_shortintertext_sep=\dimen156
\l_MT_below_shortintertext_sep=\dimen157
)
(/usr/share/texlive/texmf-dist/tex/latex/xcolor/xcolor.sty
Package: xcolor 2016/05/11 v2.12 LaTeX color extensions (UK)

(/usr/share/texlive/texmf-dist/tex/latex/graphics-cfg/color.cfg
File: color.cfg 2016/01/02 v1.6 sample color configuration
)
Package xcolor Info: Driver file: pdftex.def on input line 225.

(/usr/share/texlive/texmf-dist/tex/latex/graphics-def/pdftex.def
File: pdftex.def 2018/01/08 v1.0l Graphics/color driver for pdftex
)
(/usr/share/texlive/texmf-dist/tex/latex/colortbl/colortbl.sty
Package: colortbl 2020/01/04 v1.0e Color table columns (DPC)

(/usr/share/texlive/texmf-dist/tex/latex/tools/array.sty
Package: array 2019/08/31 v2.4l Tabular extension package (FMi)
\col@sep=\dimen158
\ar@mcellbox=\box47
\extrarowheight=\dimen159
\NC@list=\toks22
\extratabsurround=\skip56
\backup@length=\skip57
\ar@cellbox=\box48
)
\everycr=\toks23
\minrowclearance=\skip58
)
\rownum=\count194
Package xcolor Info: Model `cmy' substituted by `cmy0' on input line 1348.
Package xcolor Info: Model `hsb' substituted by `rgb' on input line 1352.
Package xcolor Info: Model `RGB' extended on input line 1364.
Package xcolor Info: Model `HTML' substituted by `rgb' on input line 1366.
Package xcolor Info: Model `Hsb' substituted by `hsb' on input line 1367.
Package xcolor Info: Model `tHsb' substituted by `hsb' on input line 1368.
Package xcolor Info: Model `HSB' substituted by `hsb' on input line 1369.
Package xcolor Info: Model `Gray' substituted by `gray' on input line 1370.
Package xcolor Info: Model `wave' substituted by `hsb' on input line 1371.
)
(/usr/share/texlive/texmf-dist/tex/latex/tabu/tabu.sty
Package: tabu 2019/01/11 v2.9 - flexible LaTeX tabulars (FC+tabu-fixed) + inter
mediate FMi

(/usr/share/texlive/texmf-dist/tex/latex/varwidth/varwidth.sty
Package: varwidth 2009/03/30 ver 0.92;  Variable-width minipages
\@vwid@box=\box49
\sift@deathcycles=\count195
\@vwid@loff=\dimen160
\@vwid@roff=\dimen161
)
\c@taburow=\count196
\tabu@nbcols=\count197
\tabu@cnt=\count198
\tabu@Xcol=\count199
\tabu@alloc=\count266
\tabu@nested=\count267
\tabu@target=\dimen162
\tabu@spreadtarget=\dimen163
\tabu@naturalX=\dimen164
\tabucolX=\dimen165
\tabu@Xsum=\dimen166
\extrarowdepth=\dimen167
\abovetabulinesep=\dimen168
\belowtabulinesep=\dimen169
\tabustrutrule=\dimen170
\tabu@thebody=\toks24
\tabu@footnotes=\toks25
\tabu@box=\box50
\tabu@arstrutbox=\box51
\tabu@hleads=\box52
\tabu@vleads=\box53
\tabu@cellskip=\skip59
)
(/usr/share/texlive/texmf-dist/tex/latex/algorithm2e/algorithm2e.sty
Package: algorithm2e 2017/07/18 v5.2 algorithms environments
\c@AlgoLine=\count268

(/usr/share/texlive/texmf-dist/tex/latex/base/ifthen.sty
Package: ifthen 2014/09/29 v1.1c Standard LaTeX ifthen package (DPC)
)
\algocf@hangindent=\skip60

(/usr/share/texlive/texmf-dist/tex/latex/ifoddpage/ifoddpage.sty
Package: ifoddpage 2016/04/23 v1.1 Conditionals for odd/even page detection
\c@checkoddpage=\count269
)
(/usr/share/texlive/texmf-dist/tex/latex/tools/xspace.sty
Package: xspace 2014/10/28 v1.13 Space after command names (DPC,MH)
)
(/usr/share/texlive/texmf-dist/tex/latex/relsize/relsize.sty
Package: relsize 2013/03/29 ver 4.1
)
\skiptotal=\skip61
\skiplinenumber=\skip62
\skiprule=\skip63
\skiphlne=\skip64
\skiptext=\skip65
\skiplength=\skip66
\algomargin=\skip67
\skipalgocfslide=\skip68
\algowidth=\dimen171
\inoutsize=\dimen172
\inoutindent=\dimen173
\interspacetitleruled=\dimen174
\interspacealgoruled=\dimen175
\interspacetitleboxruled=\dimen176
\algocf@ruledwidth=\skip69
\algocf@inoutbox=\box54
\algocf@inputbox=\box55
\AlCapSkip=\skip70
\AlCapHSkip=\skip71
\algoskipindent=\skip72
\algocf@nlbox=\box56
\algocf@hangingbox=\box57
\algocf@untilbox=\box58
\algocf@skipuntil=\skip73
\algocf@capbox=\box59
\algocf@lcaptionbox=\skip74
\algoheightruledefault=\skip75
\algoheightrule=\skip76
\algotitleheightruledefault=\skip77
\algotitleheightrule=\skip78
\c@algocfline=\count270
\c@algocfproc=\count271
\c@algocf=\count272
\algocf@algoframe=\box60
\algocf@algobox=\box61
)
(/usr/share/texlive/texmf-dist/tex/latex/base/textcomp.sty
Package: textcomp 2020/02/02 v2.0n Standard LaTeX package
)
(/usr/share/texlive/texmf-dist/tex/latex/listings/listings.sty
\lst@mode=\count273
\lst@gtempboxa=\box62
\lst@token=\toks26
\lst@length=\count274
\lst@currlwidth=\dimen177
\lst@column=\count275
\lst@pos=\count276
\lst@lostspace=\dimen178
\lst@width=\dimen179
\lst@newlines=\count277
\lst@lineno=\count278
\lst@maxwidth=\dimen180

(/usr/share/texlive/texmf-dist/tex/latex/listings/lstmisc.sty
File: lstmisc.sty 2019/09/10 1.8c (Carsten Heinz)
\c@lstnumber=\count279
\lst@skipnumbers=\count280
\lst@framebox=\box63
)
(/usr/share/texlive/texmf-dist/tex/latex/listings/listings.cfg
File: listings.cfg 2019/09/10 1.8c listings configuration
))
Package: listings 2019/09/10 1.8c (Carsten Heinz)

(/usr/share/texlive/texmf-dist/tex/latex/geometry/geometry.sty
Package: geometry 2020/01/02 v5.9 Page Geometry

(/usr/share/texlive/texmf-dist/tex/generic/iftex/ifvtex.sty
Package: ifvtex 2019/10/25 v1.7 ifvtex legacy package. Use iftex instead.

(/usr/share/texlive/texmf-dist/tex/generic/iftex/iftex.sty
Package: iftex 2019/11/07 v1.0c TeX engine tests
))
\Gm@cnth=\count281
\Gm@cntv=\count282
\c@Gm@tempcnt=\count283
\Gm@bindingoffset=\dimen181
\Gm@wd@mp=\dimen182
\Gm@odd@mp=\dimen183
\Gm@even@mp=\dimen184
\Gm@layoutwidth=\dimen185
\Gm@layoutheight=\dimen186
\Gm@layouthoffset=\dimen187
\Gm@layoutvoffset=\dimen188
\Gm@dimlist=\toks27
)
(/usr/share/texlive/texmf-dist/tex/latex/titling/titling.sty
Package: titling 2009/09/04 v2.1d maketitle typesetting
\thanksmarkwidth=\skip79
\thanksmargin=\skip80
\droptitle=\skip81
)
(/usr/share/texlive/texmf-dist/tex/latex/tocloft/tocloft.sty
Package: tocloft 2017/08/31 v2.3i parameterised ToC, etc., typesetting
Package tocloft Info: The document has chapter divisions on input line 51.
\cftparskip=\skip82
\cftbeforetoctitleskip=\skip83
\cftaftertoctitleskip=\skip84
\cftbeforepartskip=\skip85
\cftpartnumwidth=\skip86
\cftpartindent=\skip87
\cftbeforechapskip=\skip88
\cftchapindent=\skip89
\cftchapnumwidth=\skip90
\cftbeforesecskip=\skip91
\cftsecindent=\skip92
\cftsecnumwidth=\skip93
\cftbeforesubsecskip=\skip94
\cftsubsecindent=\skip95
\cftsubsecnumwidth=\skip96
\cftbeforesubsubsecskip=\skip97
\cftsubsubsecindent=\skip98
\cftsubsubsecnumwidth=\skip99
\cftbeforeparaskip=\skip100
\cftparaindent=\skip101
\cftparanumwidth=\skip102
\cftbeforesubparaskip=\skip103
\cftsubparaindent=\skip104
\cftsubparanumwidth=\skip105
\cftbeforeloftitleskip=\skip106
\cftafterloftitleskip=\skip107
\cftbeforefigskip=\skip108
\cftfigindent=\skip109
\cftfignumwidth=\skip110
\c@lofdepth=\count284
\c@lotdepth=\count285
\cftbeforelottitleskip=\skip111
\cftafterlottitleskip=\skip112
\cftbeforetabskip=\skip113
\cfttabindent=\skip114
\cfttabnumwidth=\skip115
)
(/usr/share/texlive/texmf-dist/tex/latex/fancyhdr/fancyhdr.sty
Package: fancyhdr 2019/01/31 v3.10 Extensive control of page headers and footer
s
\f@nch@headwidth=\skip116
\f@nch@O@elh=\skip117
\f@nch@O@erh=\skip118
\f@nch@O@olh=\skip119
\f@nch@O@orh=\skip120
\f@nch@O@elf=\skip121
\f@nch@O@erf=\skip122
\f@nch@O@olf=\skip123
\f@nch@O@orf=\skip124
)
(/usr/share/texlive/texmf-dist/tex/latex/titlesec/titlesec.sty
Package: titlesec 2019/10/16 v2.13 Sectioning titles
\ttl@box=\box64
\beforetitleunit=\skip125
\aftertitleunit=\skip126
\ttl@plus=\dimen189
\ttl@minus=\dimen190
\ttl@toksa=\toks28
\titlewidth=\dimen191
\titlewidthlast=\dimen192
\titlewidthfirst=\dimen193
)
(/usr/share/texlive/texmf-dist/tex/latex/sectsty/sectsty.sty
Package: sectsty 2002/02/25 v2.0.2 Commands to change all sectional heading sty
les


LaTeX Warning: Command \underbar  has changed.
               Check if current package is valid.


LaTeX Warning: Command \underline  has changed.
               Check if current package is valid.

) (/usr/share/texlive/texmf-dist/tex/latex/hyperref/hyperref.sty
Package: hyperref 2020/01/14 v7.00d Hypertext links for LaTeX

(/usr/share/texlive/texmf-dist/tex/generic/ltxcmds/ltxcmds.sty
Package: ltxcmds 2019/12/15 v1.24 LaTeX kernel commands for general use (HO)
)
(/usr/share/texlive/texmf-dist/tex/latex/pdftexcmds/pdftexcmds.sty
Package: pdftexcmds 2019/11/24 v0.31 Utility functions of pdfTeX for LuaTeX (HO
)

(/usr/share/texlive/texmf-dist/tex/generic/infwarerr/infwarerr.sty
Package: infwarerr 2019/12/03 v1.5 Providing info/warning/error messages (HO)
)
Package pdftexcmds Info: \pdf@primitive is available.
Package pdftexcmds Info: \pdf@ifprimitive is available.
Package pdftexcmds Info: \pdfdraftmode found.
)
(/usr/share/texlive/texmf-dist/tex/generic/kvsetkeys/kvsetkeys.sty
Package: kvsetkeys 2019/12/15 v1.18 Key value parser (HO)
)
(/usr/share/texlive/texmf-dist/tex/generic/kvdefinekeys/kvdefinekeys.sty
Package: kvdefinekeys 2019-12-19 v1.6 Define keys (HO)
)
(/usr/share/texlive/texmf-dist/tex/generic/pdfescape/pdfescape.sty
Package: pdfescape 2019/12/09 v1.15 Implements pdfTeX's escape features (HO)
)
(/usr/share/texlive/texmf-dist/tex/latex/hycolor/hycolor.sty
Package: hycolor 2020-01-27 v1.10 Color options for hyperref/bookmark (HO)
)
(/usr/share/texlive/texmf-dist/tex/latex/letltxmacro/letltxmacro.sty
Package: letltxmacro 2019/12/03 v1.6 Let assignment for LaTeX macros (HO)
)
(/usr/share/texlive/texmf-dist/tex/latex/auxhook/auxhook.sty
Package: auxhook 2019-12-17 v1.6 Hooks for auxiliary files (HO)
)
(/usr/share/texlive/texmf-dist/tex/latex/kvoptions/kvoptions.sty
Package: kvoptions 2019/11/29 v3.13 Key value format for package options (HO)
)
\@linkdim=\dimen194
\Hy@linkcounter=\count286
\Hy@pagecounter=\count287

(/usr/share/texlive/texmf-dist/tex/latex/hyperref/pd1enc.def
File: pd1enc.def 2020/01/14 v7.00d Hyperref: PDFDocEncoding definition (HO)
Now handling font encoding PD1 ...
... no UTF-8 mapping file for font encoding PD1
)
(/usr/share/texlive/texmf-dist/tex/generic/intcalc/intcalc.sty
Package: intcalc 2019/12/15 v1.3 Expandable calculations with integers (HO)
)
(/usr/share/texlive/texmf-dist/tex/generic/etexcmds/etexcmds.sty
Package: etexcmds 2019/12/15 v1.7 Avoid name clashes with e-TeX commands (HO)
)
\Hy@SavedSpaceFactor=\count288
\pdfmajorversion=\count289
Package hyperref Info: Hyper figures OFF on input line 4547.
Package hyperref Info: Link nesting OFF on input line 4552.
Package hyperref Info: Hyper index ON on input line 4555.
Package hyperref Info: Plain pages OFF on input line 4562.
Package hyperref Info: Backreferencing OFF on input line 4567.
Package hyperref Info: Implicit mode ON; LaTeX internals redefined.
Package hyperref Info: Bookmarks ON on input line 4800.
\c@Hy@tempcnt=\count290

(/usr/share/texlive/texmf-dist/tex/latex/url/url.sty
\Urlmuskip=\muskip17
Package: url 2013/09/16  ver 3.4  Verb mode for urls, etc.
)
LaTeX Info: Redefining \url on input line 5159.
\XeTeXLinkMargin=\dimen195

(/usr/share/texlive/texmf-dist/tex/generic/bitset/bitset.sty
Package: bitset 2019/12/09 v1.3 Handle bit-vector datatype (HO)

(/usr/share/texlive/texmf-dist/tex/generic/bigintcalc/bigintcalc.sty
Package: bigintcalc 2019/12/15 v1.5 Expandable calculations on big integers (HO
)
))
\Fld@menulength=\count291
\Field@Width=\dimen196
\Fld@charsize=\dimen197
Package hyperref Info: Hyper figures OFF on input line 6430.
Package hyperref Info: Link nesting OFF on input line 6435.
Package hyperref Info: Hyper index ON on input line 6438.
Package hyperref Info: backreferencing OFF on input line 6445.
Package hyperref Info: Link coloring OFF on input line 6450.
Package hyperref Info: Link coloring with OCG OFF on input line 6455.
Package hyperref Info: PDF/A mode OFF on input line 6460.
LaTeX Info: Redefining \ref on input line 6500.
LaTeX Info: Redefining \pageref on input line 6504.

(/usr/share/texlive/texmf-dist/tex/generic/atbegshi/atbegshi.sty
Package: atbegshi 2019/12/05 v1.19 At begin shipout hook (HO)
)
\Hy@abspage=\count292
\c@Item=\count293
\c@Hfootnote=\count294
)
Package hyperref Info: Driver (autodetected): hpdftex.

(/usr/share/texlive/texmf-dist/tex/latex/hyperref/hpdftex.def
File: hpdftex.def 2020/01/14 v7.00d Hyperref driver for pdfTeX

(/usr/share/texlive/texmf-dist/tex/latex/atveryend/atveryend.sty
Package: atveryend 2019-12-11 v1.11 Hooks at the very end of document (HO)
Package atveryend Info: \enddocument detected (standard20110627).
)
\Fld@listcount=\count295
\c@bookmark@seq@number=\count296

(/usr/share/texlive/texmf-dist/tex/latex/rerunfilecheck/rerunfilecheck.sty
Package: rerunfilecheck 2019/12/05 v1.9 Rerun checks for auxiliary files (HO)

(/usr/share/texlive/texmf-dist/tex/generic/uniquecounter/uniquecounter.sty
Package: uniquecounter 2019/12/15 v1.4 Provide unlimited unique counter (HO)
)
Package uniquecounter Info: New unique counter `rerunfilecheck' on input line 2
86.
)
\Hy@SectionHShift=\skip127
)
Package hyperref Info: Option `colorlinks' set `true' on input line 499.

(/usr/share/texlive/texmf-dist/tex/latex/enumitem/enumitem.sty
Package: enumitem 2019/06/20 v3.9 Customized lists
\labelindent=\skip128
\enit@outerparindent=\dimen198
\enit@toks=\toks29
\enit@inbox=\box65
\enit@count@id=\count297
\enitdp@description=\count298
)
\enitdp@myitemize=\count299

(/usr/share/texlive/texmf-dist/tex/latex/graphics/graphicx.sty
Package: graphicx 2019/11/30 v1.2a Enhanced LaTeX Graphics (DPC,SPQR)

(/usr/share/texlive/texmf-dist/tex/latex/graphics/graphics.sty
Package: graphics 2019/11/30 v1.4a Standard LaTeX Graphics (DPC,SPQR)

(/usr/share/texlive/texmf-dist/tex/latex/graphics/trig.sty
Package: trig 2016/01/03 v1.10 sin cos tan (DPC)
)
(/usr/share/texlive/texmf-dist/tex/latex/graphics-cfg/graphics.cfg
File: graphics.cfg 2016/06/04 v1.11 sample graphics configuration
)
Package graphics Info: Driver file: pdftex.def on input line 105.
)
\Gin@req@height=\dimen199
\Gin@req@width=\dimen256
)
(/usr/share/texlive/texmf-dist/tex/latex/caption/caption.sty
Package: caption 2020/01/03 v3.4h Customizing captions (AR)

(/usr/share/texlive/texmf-dist/tex/latex/caption/caption3.sty
Package: caption3 2020/01/03 v1.8h caption3 kernel (AR)
Package caption3 Info: TeX engine: e-TeX on input line 61.
\captionmargin=\dimen257
\captionmargin@=\dimen258
\captionwidth=\dimen259
\caption@tempdima=\dimen260
\caption@indent=\dimen261
\caption@parindent=\dimen262
\caption@hangindent=\dimen263
Package caption Info: Standard document class detected.
)
\c@caption@flags=\count300
\c@continuedfloat=\count301
Package caption Info: hyperref package is loaded.
Package caption Info: listings package is loaded.
)
(/usr/share/texlive/texmf-dist/tex/latex/caption/subcaption.sty
Package: subcaption 2020/01/22 v1.3d Sub-captions (AR)
\c@subfigure=\count302
\c@subtable=\count303
)
(/usr/share/texlive/texmf-dist/tex/latex/mdwtools/footnote.sty
Package: footnote 1997/01/28 1.13 Save footnotes around boxes
\fn@notes=\box66
\fn@width=\dimen264
)
(/usr/share/texlive/texmf-dist/tex/generic/dirtree/dirtree.sty
Package: dirtree 2012/12/11 v0.32 package wrapper for dirtree

(/usr/share/texlive/texmf-dist/tex/generic/dirtree/dirtree.tex
`dirtree' v0.32, 2012/12/11 (jcc)
\DT@offset=\dimen265
\DT@width=\dimen266
\DT@sep=\dimen267
\DT@all=\dimen268
\DT@rulewidth=\dimen269
\DT@dotwidth=\dimen270
\DTbaselineskip=\dimen271
\DT@counti=\count304
\DT@countii=\count305
\DT@countiii=\count306
\DT@countiv=\count307
\DT@indent=\dimen272
\DT@parskip=\dimen273
\DT@baselineskip=\dimen274
)
File: dirtree.tex 2012/12/11 v0.32 `dirtree' (jcc)
)
(/usr/share/texlive/texmf-dist/tex/latex/multirow/multirow.sty
Package: multirow 2019/05/31 v2.5 Span multiple rows of a table
\multirow@colwidth=\skip129
\multirow@cntb=\count308
\multirow@dima=\skip130
\bigstrutjot=\dimen275
)
(/usr/share/texlive/texmf-dist/tex/latex/float/float.sty
Package: float 2001/11/08 v1.3d Float enhancements (AL)
\c@float@type=\count309
\float@exts=\toks30
\float@box=\box67
\@float@everytoks=\toks31
\@floatcapt=\box68
)
\c@theorem=\count310
\c@lemma=\count311
\c@example=\count312
\c@corollary=\count313
\c@definition=\count314

(/usr/share/texlive/texmf-dist/tex/latex/l3backend/l3backend-pdfmode.def
File: l3backend-pdfmode.def 2020-02-03 L3 backend support: PDF mode
\l__kernel_color_stack_int=\count315
\l__pdf_internal_box=\box69
)
(./praca.aux

LaTeX Warning: Label `alg:two' multiply defined.


LaTeX Warning: Label `alg' multiply defined.


LaTeX Warning: Label `alg' multiply defined.


LaTeX Warning: Label `table' multiply defined.


LaTeX Warning: Label `fig' multiply defined.


LaTeX Warning: Label `fig' multiply defined.


LaTeX Warning: Label `fig' multiply defined.


LaTeX Warning: Label `fig' multiply defined.


LaTeX Warning: Label `fig' multiply defined.


LaTeX Warning: Label `fig' multiply defined.


LaTeX Warning: Label `fig' multiply defined.


LaTeX Warning: Label `fig' multiply defined.


LaTeX Warning: Label `fig' multiply defined.


LaTeX Warning: Label `fig' multiply defined.


LaTeX Warning: Label `alg' multiply defined.


LaTeX Warning: Label `fig' multiply defined.


LaTeX Warning: Label `fig' multiply defined.


LaTeX Warning: Label `fig' multiply defined.


LaTeX Warning: Label `fig' multiply defined.


LaTeX Warning: Label `fig' multiply defined.


LaTeX Warning: Label `fig' multiply defined.


LaTeX Warning: Label `fig' multiply defined.


LaTeX Warning: Label `fig' multiply defined.


LaTeX Warning: Label `alg' multiply defined.


LaTeX Warning: Label `fig' multiply defined.

)
\openout1 = `praca.aux'.

LaTeX Font Info:    Checking defaults for OML/cmm/m/it on input line 646.
LaTeX Font Info:    ... okay on input line 646.
LaTeX Font Info:    Checking defaults for OMS/cmsy/m/n on input line 646.
LaTeX Font Info:    ... okay on input line 646.
LaTeX Font Info:    Checking defaults for OT1/cmr/m/n on input line 646.
LaTeX Font Info:    ... okay on input line 646.
LaTeX Font Info:    Checking defaults for T1/cmr/m/n on input line 646.
LaTeX Font Info:    ... okay on input line 646.
LaTeX Font Info:    Checking defaults for TS1/cmr/m/n on input line 646.
LaTeX Font Info:    ... okay on input line 646.
LaTeX Font Info:    Checking defaults for OMX/cmex/m/n on input line 646.
LaTeX Font Info:    ... okay on input line 646.
LaTeX Font Info:    Checking defaults for U/cmr/m/n on input line 646.
LaTeX Font Info:    ... okay on input line 646.
LaTeX Font Info:    Checking defaults for OT4/cmr/m/n on input line 646.
LaTeX Font Info:    ... okay on input line 646.
LaTeX Font Info:    Checking defaults for PD1/pdf/m/n on input line 646.
LaTeX Font Info:    ... okay on input line 646.
LaTeX Font Info:    Trying to load font information for OT4+lmr on input line 6
46.
 (/usr/share/texmf/tex/latex/lm/ot4lmr.fd
File: ot4lmr.fd 2009/10/30 v1.6 Font defs for Latin Modern
)
(/usr/share/texlive/texmf-dist/tex/context/base/mkii/supp-pdf.mkii
[Loading MPS to PDF converter (version 2006.09.02).]
\scratchcounter=\count316
\scratchdimen=\dimen276
\scratchbox=\box70
\nofMPsegments=\count317
\nofMParguments=\count318
\everyMPshowfont=\toks32
\MPscratchCnt=\count319
\MPscratchDim=\dimen277
\MPnumerator=\count320
\makeMPintoPDFobject=\count321
\everyMPtoPDFconversion=\toks33
) (/usr/share/texlive/texmf-dist/tex/latex/epstopdf-pkg/epstopdf-base.sty
Package: epstopdf-base 2020-01-24 v2.11 Base part for package epstopdf
Package epstopdf-base Info: Redefining graphics rule for `.eps' on input line 4
85.

(/usr/share/texlive/texmf-dist/tex/latex/latexconfig/epstopdf-sys.cfg
File: epstopdf-sys.cfg 2010/07/13 v1.3 Configuration of (r)epstopdf for TeX Liv
e
))
\c@lstlisting=\count322

*geometry* driver: auto-detecting
*geometry* detected driver: pdftex
*geometry* verbose mode - [ preamble ] result:
* driver: pdftex
* paper: <default>
* layout: <same size as paper>
* layoutoffset:(h,v)=(0.0pt,0.0pt)
* modes: twoside 
* h-part:(L,W,R)=(85.35826pt, 457.80486pt, 71.13188pt)
* v-part:(T,H,B)=(71.13188pt, 652.70622pt, 71.13188pt)
* \paperwidth=614.295pt
* \paperheight=794.96999pt
* \textwidth=457.80486pt
* \textheight=652.70622pt
* \oddsidemargin=13.08827pt
* \evensidemargin=-1.1381pt
* \topmargin=-37.2056pt
* \headheight=18.0pt
* \headsep=18.06749pt
* \topskip=10.0pt
* \footskip=25.29494pt
* \marginparwidth=125.0pt
* \marginparsep=7.0pt
* \columnsep=10.0pt
* \skip\footins=9.0pt plus 4.0pt minus 2.0pt
* \hoffset=0.0pt
* \voffset=0.0pt
* \mag=1000
* \@twocolumnfalse
* \@twosidetrue
* \@mparswitchtrue
* \@reversemarginfalse
* (1in=72.27pt=25.4mm, 1cm=28.453pt)

\AtBeginShipoutBox=\box71
Package hyperref Info: Link coloring ON on input line 646.
(/usr/share/texlive/texmf-dist/tex/latex/hyperref/nameref.sty
Package: nameref 2019/09/16 v2.46 Cross-referencing by name of section

(/usr/share/texlive/texmf-dist/tex/latex/refcount/refcount.sty
Package: refcount 2019/12/15 v3.6 Data extraction from label references (HO)
)
(/usr/share/texlive/texmf-dist/tex/generic/gettitlestring/gettitlestring.sty
Package: gettitlestring 2019/12/15 v1.6 Cleanup title references (HO)
)
\c@section@level=\count323
)
LaTeX Info: Redefining \ref on input line 646.
LaTeX Info: Redefining \pageref on input line 646.
LaTeX Info: Redefining \nameref on input line 646.

(./praca.out) (./praca.out)
\@outlinefile=\write3
\openout3 = `praca.out'.

Package caption Info: Begin \AtBeginDocument code.
Package caption Info: float package is loaded.
Package caption Info: End \AtBeginDocument code.
LaTeX Font Info:    Trying to load font information for OML+plm on input line 6
64.

(/usr/share/texlive/texmf-dist/tex/latex/polski/omlplm.fd
File: omlplm.fd 2008/02/24 v1.2.1 Font defs for fonts PL (MW)
)
LaTeX Font Info:    Trying to load font information for OMS+plsy on input line 
664.

(/usr/share/texlive/texmf-dist/tex/latex/polski/omsplsy.fd
File: omsplsy.fd 2008/02/24 v1.2.1 Font defs for fonts PL (MW)
)
LaTeX Font Info:    Trying to load font information for OMX+plex on input line 
664.

(/usr/share/texlive/texmf-dist/tex/latex/polski/omxplex.fd
File: omxplex.fd 2008/02/24 v1.2.1 Font defs for fonts PL (MW)
)
LaTeX Font Info:    External font `plex10' loaded for size
(Font)              <10> on input line 664.
LaTeX Font Info:    External font `plex10' loaded for size
(Font)              <7> on input line 664.
LaTeX Font Info:    External font `plex10' loaded for size
(Font)              <5> on input line 664.
LaTeX Font Info:    Trying to load font information for U+msa on input line 664
.

(/usr/share/texlive/texmf-dist/tex/latex/amsfonts/umsa.fd
File: umsa.fd 2013/01/14 v3.01 AMS symbols A
)
LaTeX Font Info:    Trying to load font information for U+msb on input line 664
.

(/usr/share/texlive/texmf-dist/tex/latex/amsfonts/umsb.fd
File: umsb.fd 2013/01/14 v3.01 AMS symbols B
)
LaTeX Font Info:    Trying to load font information for U+rsfs on input line 66
4.

(/usr/share/texlive/texmf-dist/tex/latex/jknapltx/ursfs.fd
File: ursfs.fd 1998/03/24 rsfs font definition file (jk)
) [1


{/var/lib/texmf/fonts/map/pdftex/updmap/pdftex.map}] (./streszczenie.tex) [2

] (./praca.toc)
\tf@toc=\write4
\openout4 = `praca.toc'.


(./praca.lof
Underfull \vbox (badness 10000) has occurred while \output is active []

 [1

])
\tf@lof=\write5
\openout5 = `praca.lof'.


(./praca.lot)
\tf@lot=\write6
\openout6 = `praca.lot'.

 [2] (./praca.loa)
\tf@loa=\write7
\openout7 = `praca.loa'.

 [3

]
<figures/wit-logo.png, id=252, 225.84375pt x 225.84375pt>
File: figures/wit-logo.png Graphic file (type png)
<use figures/wit-logo.png>
Package pdftex.def Info: figures/wit-logo.png  used on input line 737.
(pdftex.def)             Requested size: 22.89163pt x 22.88895pt.
 [4


 <./figures/wit-logo.png>] (./wstep.tex)
[1

] (./rozdzial1.tex
File: figures/wit-logo.png Graphic file (type png)
<use figures/wit-logo.png>
Package pdftex.def Info: figures/wit-logo.png  used on input line 1.
(pdftex.def)             Requested size: 22.89163pt x 22.88895pt.
 [2


]
Rozdzia\l  1.

Underfull \vbox (badness 10000) has occurred while \output is active []

 [3]
Underfull \hbox (badness 10000) in paragraph at lines 40--55

 []

<figures/loop_creation.png, id=280, 1547.7825pt x 782.925pt>
File: figures/loop_creation.png Graphic file (type png)
<use figures/loop_creation.png>
Package pdftex.def Info: figures/loop_creation.png  used on input line 64.
(pdftex.def)             Requested size: 457.80486pt x 231.57014pt.

LaTeX Warning: `h' float specifier changed to `ht'.


Underfull \hbox (badness 10000) in paragraph at lines 70--83

 []


Underfull \vbox (badness 10000) has occurred while \output is active []

File: figures/wit-logo.png Graphic file (type png)
<use figures/wit-logo.png>
Package pdftex.def Info: figures/wit-logo.png  used on input line 83.
(pdftex.def)             Requested size: 22.89163pt x 22.88895pt.
 [4]
<figures/pwr-logo.png, id=314, 217.81375pt x 216.81pt>
File: figures/pwr-logo.png Graphic file (type png)
<use figures/pwr-logo.png>
Package pdftex.def Info: figures/pwr-logo.png  used on input line 89.
(pdftex.def)             Requested size: 22.89163pt x 22.7839pt.

[5 <./figures/pwr-logo.png> <./figures/loop_creation.png>]
Underfull \hbox (badness 10000) in paragraph at lines 91--108

 []


Underfull \hbox (badness 10000) in paragraph at lines 109--110

 []


Underfull \hbox (badness 10000) in paragraph at lines 120--157

 []

File: figures/wit-logo.png Graphic file (type png)
<use figures/wit-logo.png>
Package pdftex.def Info: figures/wit-logo.png  used on input line 157.
(pdftex.def)             Requested size: 22.89163pt x 22.88895pt.
[6]
Underfull \hbox (badness 10000) in paragraph at lines 158--159

 []

File: figures/pwr-logo.png Graphic file (type png)
<use figures/pwr-logo.png>
Package pdftex.def Info: figures/pwr-logo.png  used on input line 178.
(pdftex.def)             Requested size: 22.89163pt x 22.7839pt.
[7]
<figures/terrains_2.png, id=375, 771.88374pt x 481.8pt>
File: figures/terrains_2.png Graphic file (type png)
<use figures/terrains_2.png>
Package pdftex.def Info: figures/terrains_2.png  used on input line 186.
(pdftex.def)             Requested size: 227.91573pt x 142.26378pt.
<figures/terrains_1.png, id=376, 630.355pt x 430.60875pt>
File: figures/terrains_1.png Graphic file (type png)
<use figures/terrains_1.png>
Package pdftex.def Info: figures/terrains_1.png  used on input line 190.
(pdftex.def)             Requested size: 208.25824pt x 142.26378pt.
)
File: figures/wit-logo.png Graphic file (type png)
<use figures/wit-logo.png>
Package pdftex.def Info: figures/wit-logo.png  used on input line 747.
(pdftex.def)             Requested size: 22.89163pt x 22.88895pt.
 [8

 <./figures/terrains_2.png> <./figures/terrains_1.png>] (./rozdzial2.tex
Rozdzia\l  2.
[9


]
<figures/multiple_tests.png, id=393, 596.2275pt x 454.69875pt>
File: figures/multiple_tests.png Graphic file (type png)
<use figures/multiple_tests.png>
Package pdftex.def Info: figures/multiple_tests.png  used on input line 18.
(pdftex.def)             Requested size: 228.90242pt x 174.56348pt.
<graphs/example.png, id=394, 722.7pt x 289.08pt>
File: graphs/example.png Graphic file (type png)
<use graphs/example.png>
Package pdftex.def Info: graphs/example.png  used on input line 28.
(pdftex.def)             Requested size: 457.80486pt x 183.12265pt.
File: figures/wit-logo.png Graphic file (type png)
<use figures/wit-logo.png>
Package pdftex.def Info: figures/wit-logo.png  used on input line 35.
(pdftex.def)             Requested size: 22.89163pt x 22.88895pt.
 [10

 <./figures/multiple_tests.png> <./graphs/example.png>]
LaTeX Font Info:    Trying to load font information for TS1+lmr on input line 3
9.

(/usr/share/texmf/tex/latex/lm/ts1lmr.fd
File: ts1lmr.fd 2009/10/30 v1.6 Font defs for Latin Modern
)
<figures/observations_0.png, id=402, 534.99875pt x 347.2975pt>
File: figures/observations_0.png Graphic file (type png)
<use figures/observations_0.png>
Package pdftex.def Info: figures/observations_0.png  used on input line 53.
(pdftex.def)             Requested size: 228.90242pt x 148.5931pt.
<figures/observations_1.png, id=403, 534.99875pt x 347.2975pt>
File: figures/observations_1.png Graphic file (type png)
<use figures/observations_1.png>
Package pdftex.def Info: figures/observations_1.png  used on input line 63.
(pdftex.def)             Requested size: 228.90242pt x 148.5931pt.
File: figures/pwr-logo.png Graphic file (type png)
<use figures/pwr-logo.png>
Package pdftex.def Info: figures/pwr-logo.png  used on input line 66.
(pdftex.def)             Requested size: 22.89163pt x 22.7839pt.
 [11 <./figures/observations_0.png>]
<figures/observations_2.png, id=412, 806.01125pt x 406.51875pt>
File: figures/observations_2.png Graphic file (type png)
<use figures/observations_2.png>
Package pdftex.def Info: figures/observations_2.png  used on input line 73.
(pdftex.def)             Requested size: 228.90242pt x 115.44965pt.
<figures/observations_3.png, id=413, 781.92125pt x 522.95375pt>
File: figures/observations_3.png Graphic file (type png)
<use figures/observations_3.png>
Package pdftex.def Info: figures/observations_3.png  used on input line 82.
(pdftex.def)             Requested size: 228.90242pt x 153.08904pt.
File: figures/wit-logo.png Graphic file (type png)
<use figures/wit-logo.png>
Package pdftex.def Info: figures/wit-logo.png  used on input line 86.
(pdftex.def)             Requested size: 22.89163pt x 22.88895pt.

[12 <./figures/observations_1.png> <./figures/observations_2.png>]
<graphs/input_observations.png, id=423, 722.7pt x 289.08pt>
File: graphs/input_observations.png Graphic file (type png)
<use graphs/input_observations.png>
Package pdftex.def Info: graphs/input_observations.png  used on input line 91.
(pdftex.def)             Requested size: 457.80486pt x 183.12265pt.
File: figures/pwr-logo.png Graphic file (type png)
<use figures/pwr-logo.png>
Package pdftex.def Info: figures/pwr-logo.png  used on input line 96.
(pdftex.def)             Requested size: 22.89163pt x 22.7839pt.
 [13 <./figures/observations_3.png> <./graphs/input_observations.png>]
<figures/output_values_compare.png, id=432, 987.69pt x 461.725pt>
File: figures/output_values_compare.png Graphic file (type png)
<use figures/output_values_compare.png>
Package pdftex.def Info: figures/output_values_compare.png  used on input line 
113.
(pdftex.def)             Requested size: 228.90242pt x 107.00473pt.
<figures/rewards.png, id=433, 355.3275pt x 343.2825pt>
File: figures/rewards.png Graphic file (type png)
<use figures/rewards.png>
Package pdftex.def Info: figures/rewards.png  used on input line 129.
(pdftex.def)             Requested size: 228.90242pt x 221.15099pt.
File: figures/wit-logo.png Graphic file (type png)
<use figures/wit-logo.png>
Package pdftex.def Info: figures/wit-logo.png  used on input line 132.
(pdftex.def)             Requested size: 22.89163pt x 22.88895pt.
 [14

 <./figures/output_values_compare.png>]
<figures/checkpoints.png, id=443, 673.51625pt x 489.83pt>
File: figures/checkpoints.png Graphic file (type png)
<use figures/checkpoints.png>
Package pdftex.def Info: figures/checkpoints.png  used on input line 137.
(pdftex.def)             Requested size: 228.90242pt x 166.47272pt.

Underfull \hbox (badness 10000) in paragraph at lines 143--167

 []


Underfull \vbox (badness 10000) has occurred while \output is active []

File: figures/pwr-logo.png Graphic file (type png)
<use figures/pwr-logo.png>
Package pdftex.def Info: figures/pwr-logo.png  used on input line 167.
(pdftex.def)             Requested size: 22.89163pt x 22.7839pt.
 [15 <./figures/rewards.png> <./figures/checkpoints.png>]
Underfull \hbox (badness 10000) in paragraph at lines 168--170

 []

File: figures/wit-logo.png Graphic file (type png)
<use figures/wit-logo.png>
Package pdftex.def Info: figures/wit-logo.png  used on input line 170.
(pdftex.def)             Requested size: 22.89163pt x 22.88895pt.
[16]
<graphs/hyperparameters_gamma.png, id=468, 722.7pt x 289.08pt>
File: graphs/hyperparameters_gamma.png Graphic file (type png)
<use graphs/hyperparameters_gamma.png>
Package pdftex.def Info: graphs/hyperparameters_gamma.png  used on input line 1
76.
(pdftex.def)             Requested size: 457.80486pt x 183.12265pt.
<graphs/hyperparameters_lambd.png, id=469, 722.7pt x 289.08pt>
File: graphs/hyperparameters_lambd.png Graphic file (type png)
<use graphs/hyperparameters_lambd.png>
Package pdftex.def Info: graphs/hyperparameters_lambd.png  used on input line 1
85.
(pdftex.def)             Requested size: 457.80486pt x 183.12265pt.
<graphs/hyperparameters_buffer_size.png, id=470, 722.7pt x 289.08pt>
File: graphs/hyperparameters_buffer_size.png Graphic file (type png)
<use graphs/hyperparameters_buffer_size.png>
Package pdftex.def Info: graphs/hyperparameters_buffer_size.png  used on input 
line 194.
(pdftex.def)             Requested size: 457.80486pt x 183.12265pt.
File: figures/pwr-logo.png Graphic file (type png)
<use figures/pwr-logo.png>
Package pdftex.def Info: figures/pwr-logo.png  used on input line 197.
(pdftex.def)             Requested size: 22.89163pt x 22.7839pt.
 [17

 <./graphs/hyperparameters_gamma.png> <./graphs/hyperparameters_lambd.png>]
<graphs/hyperparameters_batch_size.png, id=477, 722.7pt x 289.08pt>
File: graphs/hyperparameters_batch_size.png Graphic file (type png)
<use graphs/hyperparameters_batch_size.png>
Package pdftex.def Info: graphs/hyperparameters_batch_size.png  used on input l
ine 203.
(pdftex.def)             Requested size: 457.80486pt x 183.12265pt.
File: figures/wit-logo.png Graphic file (type png)
<use figures/wit-logo.png>
Package pdftex.def Info: figures/wit-logo.png  used on input line 207.
(pdftex.def)             Requested size: 22.89163pt x 22.88895pt.
 [18 <./graphs/hyperparameters_buffer_size.png> <./graphs/hyperparameters_batch
_size.png>]
<graphs/hyperparameters_learning_rate.png, id=484, 722.7pt x 289.08pt>
File: graphs/hyperparameters_learning_rate.png Graphic file (type png)
<use graphs/hyperparameters_learning_rate.png>
Package pdftex.def Info: graphs/hyperparameters_learning_rate.png  used on inpu
t line 213.
(pdftex.def)             Requested size: 457.80486pt x 183.12265pt.
<graphs/hyperparameters_beta.png, id=485, 722.7pt x 289.08pt>
File: graphs/hyperparameters_beta.png Graphic file (type png)
<use graphs/hyperparameters_beta.png>
Package pdftex.def Info: graphs/hyperparameters_beta.png  used on input line 22
2.
(pdftex.def)             Requested size: 457.80486pt x 183.12265pt.
File: figures/pwr-logo.png Graphic file (type png)
<use figures/pwr-logo.png>
Package pdftex.def Info: figures/pwr-logo.png  used on input line 226.
(pdftex.def)             Requested size: 22.89163pt x 22.7839pt.
 [19

 <./graphs/hyperparameters_learning_rate.png> <./graphs/hyperparameters_beta.pn
g>]
<graphs/hyperparameters_epsilon.png, id=493, 722.7pt x 289.08pt>
File: graphs/hyperparameters_epsilon.png Graphic file (type png)
<use graphs/hyperparameters_epsilon.png>
Package pdftex.def Info: graphs/hyperparameters_epsilon.png  used on input line
 232.
(pdftex.def)             Requested size: 457.80486pt x 183.12265pt.
<graphs/hyperparameters_tuning_results.png, id=494, 722.7pt x 289.08pt>
File: graphs/hyperparameters_tuning_results.png Graphic file (type png)
<use graphs/hyperparameters_tuning_results.png>
Package pdftex.def Info: graphs/hyperparameters_tuning_results.png  used on inp
ut line 257.
(pdftex.def)             Requested size: 457.80486pt x 183.12265pt.

Underfull \vbox (badness 10000) has occurred while \output is active []

File: figures/wit-logo.png Graphic file (type png)
<use figures/wit-logo.png>
Package pdftex.def Info: figures/wit-logo.png  used on input line 284.
(pdftex.def)             Requested size: 22.89163pt x 22.88895pt.
 [20

 <./graphs/hyperparameters_epsilon.png> <./graphs/hyperparameters_tuning_result
s.png>]
File: figures/pwr-logo.png Graphic file (type png)
<use figures/pwr-logo.png>
Package pdftex.def Info: figures/pwr-logo.png  used on input line 284.
(pdftex.def)             Requested size: 22.89163pt x 22.7839pt.
[21]
<graphs/training_progress_1.png, id=519, 722.7pt x 289.08pt>
File: graphs/training_progress_1.png Graphic file (type png)
<use graphs/training_progress_1.png>
Package pdftex.def Info: graphs/training_progress_1.png  used on input line 289
.
(pdftex.def)             Requested size: 457.80486pt x 183.12265pt.
)
Underfull \hbox (badness 10000) in paragraph at lines 293--750

 []

File: figures/wit-logo.png Graphic file (type png)
<use figures/wit-logo.png>
Package pdftex.def Info: figures/wit-logo.png  used on input line 750.
(pdftex.def)             Requested size: 22.89163pt x 22.88895pt.
[22

 <./graphs/training_progress_1.png>] (./podsumowanie.tex) [23


] (./praca.bbl
File: figures/wit-logo.png Graphic file (type png)
<use figures/wit-logo.png>
Package pdftex.def Info: figures/wit-logo.png  used on input line 1.
(pdftex.def)             Requested size: 22.89163pt x 22.88895pt.

[24


]
LaTeX Font Info:    Trying to load font information for OT4+lmtt on input line 
28.
 (/usr/share/texmf/tex/latex/lm/ot4lmtt.fd
File: ot4lmtt.fd 2009/10/30 v1.6 Font defs for Latin Modern
)) [25] (./dodatek1.tex
File: figures/wit-logo.png Graphic file (type png)
<use figures/wit-logo.png>
Package pdftex.def Info: figures/wit-logo.png  used on input line 1.
(pdftex.def)             Requested size: 22.89163pt x 22.88895pt.
 [26


]
Zacznik A.
) [27]
Package atveryend Info: Empty hook `BeforeClearDocument' on input line 780.
Package atveryend Info: Empty hook `AfterLastShipout' on input line 780.
 (./praca.aux)
Package atveryend Info: Executing hook `AtVeryEndDocument' on input line 780.
Package atveryend Info: Executing hook `AtEndAfterFileList' on input line 780.
Package rerunfilecheck Info: File `praca.out' has not changed.
(rerunfilecheck)             Checksum: 04A73371457487301F17ABE8A633D0BB;2109.


LaTeX Warning: There were multiply-defined labels.

Package atveryend Info: Empty hook `AtVeryVeryEnd' on input line 780.
 ) 
Here is how much of TeX's memory you used:
 15024 strings out of 483075
 226325 string characters out of 5963834
 536187 words of memory out of 5000000
 29445 multiletter control sequences out of 15000+600000
 609632 words of font info for 68 fonts, out of 8000000 for 9000
 118 hyphenation exceptions out of 8191
 41i,18n,48p,805b,630s stack positions out of 5000i,500n,10000p,200000b,80000s
{/usr/share/texmf/fonts/enc/dvips/lm/lm-rmtt.enc}{/usr/share/texmf/fonts/enc/
dvips/lm/lm-ts1.enc}{/usr/share/texlive/texmf-dist/fonts/enc/dvips/pl/plme.enc}
{/usr/share/texlive/texmf-dist/fonts/enc/dvips/pl/plms.enc}{/usr/share/texlive/
texmf-dist/fonts/enc/dvips/pl/plrm.enc}{/usr/share/texmf/fonts/enc/dvips/lm/lm-
rm.enc}{/usr/share/texlive/texmf-dist/fonts/enc/dvips/pl/plmi.enc}{/usr/share/t
exmf/fonts/enc/dvips/lm/lm-rmsc.enc}</usr/share/texmf/fonts/type1/public/lm/lmb
x10.pfb></usr/share/texmf/fonts/type1/public/lm/lmbx12.pfb></usr/share/texmf/fo
nts/type1/public/lm/lmbx7.pfb></usr/share/texmf/fonts/type1/public/lm/lmcsc10.p
fb></usr/share/texmf/fonts/type1/public/lm/lmr10.pfb></usr/share/texmf/fonts/ty
pe1/public/lm/lmr12.pfb></usr/share/texmf/fonts/type1/public/lm/lmr8.pfb></usr/
share/texmf/fonts/type1/public/lm/lmr9.pfb></usr/share/texmf/fonts/type1/public
/lm/lmri10.pfb></usr/share/texmf/fonts/type1/public/lm/lmtt10.pfb></usr/share/t
exlive/texmf-dist/fonts/type1/public/pl/plex10.pfb></usr/share/texlive/texmf-di
st/fonts/type1/public/pl/plmi10.pfb></usr/share/texlive/texmf-dist/fonts/type1/
public/pl/plmi7.pfb></usr/share/texlive/texmf-dist/fonts/type1/public/pl/plr10.
pfb></usr/share/texlive/texmf-dist/fonts/type1/public/pl/plr7.pfb></usr/share/t
exlive/texmf-dist/fonts/type1/public/pl/plsy10.pfb></usr/share/texlive/texmf-di
st/fonts/type1/public/pl/plsy7.pfb>
Output written on praca.pdf (33 pages, 2549083 bytes).
PDF statistics:
 666 PDF objects out of 1000 (max. 8388607)
 560 compressed objects within 6 object streams
 202 named destinations out of 1000 (max. 500000)
 377 words of extra memory for PDF output out of 10000 (max. 10000000)

