\BOOKMARK [0][-]{chapter*.1}{Wstep}{}% 1
\BOOKMARK [0][-]{chapter.1}{Stworzenie gry}{}% 2
\BOOKMARK [1][-]{section.1.1}{Cel i funkcjonalnosci}{chapter.1}% 3
\BOOKMARK [1][-]{section.1.2}{Wykorzystane technologie}{chapter.1}% 4
\BOOKMARK [1][-]{section.1.3}{Stworzenie trasy 2D}{chapter.1}% 5
\BOOKMARK [1][-]{section.1.4}{Stworzenie terenu 3D}{chapter.1}% 6
\BOOKMARK [1][-]{section.1.5}{Przypisanie tekstur}{chapter.1}% 7
\BOOKMARK [2][-]{subsection.1.5.1}{Znalezienie najblizszego punktu krzywej Bezier}{section.1.5}% 8
\BOOKMARK [2][-]{subsection.1.5.2}{Udoskonalone znalezienie najblizszego punktu krzywej Bezier}{section.1.5}% 9
\BOOKMARK [2][-]{subsection.1.5.3}{Por\363wnanie metod}{section.1.5}% 10
\BOOKMARK [1][-]{section.1.6}{Dodanie obiekt\363w}{chapter.1}% 11
\BOOKMARK [0][-]{chapter.2}{Wytrenowanie bota}{}% 12
\BOOKMARK [1][-]{section.2.1}{Cel i funkcjonalnosci}{chapter.2}% 13
\BOOKMARK [1][-]{section.2.2}{Wykorzystane technologie}{chapter.2}% 14
\BOOKMARK [1][-]{section.2.3}{Uczenie przez wzmacnianie}{chapter.2}% 15
\BOOKMARK [1][-]{section.2.4}{Metodyka uczenia}{chapter.2}% 16
\BOOKMARK [1][-]{section.2.5}{Analiza wynik\363w}{chapter.2}% 17
\BOOKMARK [2][-]{subsection.2.5.1}{Wyb\363r obserwacji}{section.2.5}% 18
\BOOKMARK [2][-]{subsection.2.5.2}{Wyb\363r akcji}{section.2.5}% 19
\BOOKMARK [1][-]{section.2.6}{Zdefiniowanie funkcji oceny}{chapter.2}% 20
\BOOKMARK [1][-]{section.2.7}{Dobranie parametr\363w}{chapter.2}% 21
\BOOKMARK [2][-]{subsection.2.7.1}{gamma}{section.2.7}% 22
\BOOKMARK [2][-]{subsection.2.7.2}{lambda}{section.2.7}% 23
\BOOKMARK [2][-]{subsection.2.7.3}{buffer size}{section.2.7}% 24
\BOOKMARK [2][-]{subsection.2.7.4}{batch size}{section.2.7}% 25
\BOOKMARK [2][-]{subsection.2.7.5}{learning rate}{section.2.7}% 26
\BOOKMARK [2][-]{subsection.2.7.6}{beta}{section.2.7}% 27
\BOOKMARK [2][-]{subsection.2.7.7}{epsilon}{section.2.7}% 28
\BOOKMARK [1][-]{section.2.8}{Dalsze etapy treningu}{chapter.2}% 29
\BOOKMARK [0][-]{chapter*.34}{Podsumowanie}{}% 30
\BOOKMARK [0][-]{chapter*.35}{Bibliografia}{}% 31
\BOOKMARK [0][-]{appendix.A}{Zawartosc p\233yty CD}{}% 32
