\BOOKMARK [0][-]{Doc-Start}{Spis rysunk\363w}{}% 1
\BOOKMARK [0][-]{Doc-Start}{Spis tabel}{}% 2
\BOOKMARK [0][-]{Doc-Start}{Wstep}{}% 3
\BOOKMARK [0][-]{chapter.1}{Analiza problemu}{}% 4
\BOOKMARK [0][-]{chapter.2}{Projekt systemu}{}% 5
\BOOKMARK [1][-]{section.2.1}{Grupy uzytkownik\363w i za\233ozenia}{chapter.2}% 6
\BOOKMARK [1][-]{section.2.2}{Przypadki uzycia i scenariusze}{chapter.2}% 7
\BOOKMARK [1][-]{section.2.3}{Diagramy klas}{chapter.2}% 8
\BOOKMARK [1][-]{section.2.4}{Diagramy aktywnosci}{chapter.2}% 9
\BOOKMARK [1][-]{section.2.5}{Diagramy sekwencji}{chapter.2}% 10
\BOOKMARK [1][-]{section.2.6}{Diagramy stan\363w}{chapter.2}% 11
\BOOKMARK [1][-]{section.2.7}{Projekt bazy danych}{chapter.2}% 12
\BOOKMARK [1][-]{section.2.8}{Opis protoko\233\363w}{chapter.2}% 13
\BOOKMARK [1][-]{section.2.9}{Opis algorytm\363w}{chapter.2}% 14
\BOOKMARK [0][-]{chapter.3}{Implementacja systemu}{}% 15
\BOOKMARK [1][-]{section.3.1}{Opis technologii}{chapter.3}% 16
\BOOKMARK [1][-]{section.3.2}{Om\363wienie kod\363w zr\363d\233owych}{chapter.3}% 17
\BOOKMARK [0][-]{chapter.4}{Instalacja i wdrozenie}{}% 18
\BOOKMARK [0][-]{chapter*.3}{Podsumowanie}{}% 19
\BOOKMARK [0][-]{chapter*.4}{Bibliografia}{}% 20
\BOOKMARK [0][-]{appendix.A}{Zawartosc p\233yty CD}{}% 21
